Analysis & Synthesis report for Contador_I
Thu Nov 03 11:20:52 2022
Quartus Prime Version 20.1.1 Build 720 11/11/2020 SJ Lite Edition


---------------------
; Table of Contents ;
---------------------
  1. Legal Notice
  2. Analysis & Synthesis Summary
  3. Analysis & Synthesis Settings
  4. Parallel Compilation
  5. Analysis & Synthesis Messages



----------------
; Legal Notice ;
----------------
Copyright (C) 2020  Intel Corporation. All rights reserved.
Your use of Intel Corporation's design tools, logic functions 
and other software and tools, and any partner logic 
functions, and any output files from any of the foregoing 
(including device programming or simulation files), and any 
associated documentation or information are expressly subject 
to the terms and conditions of the Intel Program License 
Subscription Agreement, the Intel Quartus Prime License Agreement,
the Intel FPGA IP License Agreement, or other applicable license
agreement, including, without limitation, that your use is for
the sole purpose of programming logic devices manufactured by
Intel and sold by Intel or its authorized distributors.  Please
refer to the applicable agreement for further details, at
https://fpgasoftware.intel.com/eula.



+----------------------------------------------------------------------------------+
; Analysis & Synthesis Summary                                                     ;
+------------------------------------+---------------------------------------------+
; Analysis & Synthesis Status        ; Failed - Thu Nov 03 11:20:52 2022           ;
; Quartus Prime Version              ; 20.1.1 Build 720 11/11/2020 SJ Lite Edition ;
; Revision Name                      ; Contador_I                                  ;
; Top-level Entity Name              ; Contador_I                                  ;
; Family                             ; Cyclone IV E                                ;
; Total logic elements               ; N/A until Partition Merge                   ;
;     Total combinational functions  ; N/A until Partition Merge                   ;
;     Dedicated logic registers      ; N/A until Partition Merge                   ;
; Total registers                    ; N/A until Partition Merge                   ;
; Total pins                         ; N/A until Partition Merge                   ;
; Total virtual pins                 ; N/A until Partition Merge                   ;
; Total memory bits                  ; N/A until Partition Merge                   ;
; Embedded Multiplier 9-bit elements ; N/A until Partition Merge                   ;
; Total PLLs                         ; N/A until Partition Merge                   ;
+------------------------------------+---------------------------------------------+


+------------------------------------------------------------------------------------------------------------+
; Analysis & Synthesis Settings                                                                              ;
+------------------------------------------------------------------+--------------------+--------------------+
; Option                                                           ; Setting            ; Default Value      ;
+------------------------------------------------------------------+--------------------+--------------------+
; Device                                                           ; EP4CE10E22C8       ;                    ;
; Top-level entity name                                            ; Contador_I         ; Contador_I         ;
; Family name                                                      ; Cyclone IV E       ; Cyclone V          ;
; Use smart compilation                                            ; Off                ; Off                ;
; Enable parallel Assembler and Timing Analyzer during compilation ; On                 ; On                 ;
; Enable compact report table                                      ; Off                ; Off                ;
; Restructure Multiplexers                                         ; Auto               ; Auto               ;
; Create Debugging Nodes for IP Cores                              ; Off                ; Off                ;
; Preserve fewer node names                                        ; On                 ; On                 ;
; Intel FPGA IP Evaluation Mode                                    ; Enable             ; Enable             ;
; Verilog Version                                                  ; Verilog_2001       ; Verilog_2001       ;
; VHDL Version                                                     ; VHDL_1993          ; VHDL_1993          ;
; State Machine Processing                                         ; Auto               ; Auto               ;
; Safe State Machine                                               ; Off                ; Off                ;
; Extract Verilog State Machines                                   ; On                 ; On                 ;
; Extract VHDL State Machines                                      ; On                 ; On                 ;
; Ignore Verilog initial constructs                                ; Off                ; Off                ;
; Iteration limit for constant Verilog loops                       ; 5000               ; 5000               ;
; Iteration limit for non-constant Verilog loops                   ; 250                ; 250                ;
; Add Pass-Through Logic to Inferred RAMs                          ; On                 ; On                 ;
; Infer RAMs from Raw Logic                                        ; On                 ; On                 ;
; Parallel Synthesis                                               ; On                 ; On                 ;
; DSP Block Balancing                                              ; Auto               ; Auto               ;
; NOT Gate Push-Back                                               ; On                 ; On                 ;
; Power-Up Don't Care                                              ; On                 ; On                 ;
; Remove Redundant Logic Cells                                     ; Off                ; Off                ;
; Remove Duplicate Registers                                       ; On                 ; On                 ;
; Ignore CARRY Buffers                                             ; Off                ; Off                ;
; Ignore CASCADE Buffers                                           ; Off                ; Off                ;
; Ignore GLOBAL Buffers                                            ; Off                ; Off                ;
; Ignore ROW GLOBAL Buffers                                        ; Off                ; Off                ;
; Ignore LCELL Buffers                                             ; Off                ; Off                ;
; Ignore SOFT Buffers                                              ; On                 ; On                 ;
; Limit AHDL Integers to 32 Bits                                   ; Off                ; Off                ;
; Optimization Technique                                           ; Balanced           ; Balanced           ;
; Carry Chain Length                                               ; 70                 ; 70                 ;
; Auto Carry Chains                                                ; On                 ; On                 ;
; Auto Open-Drain Pins                                             ; On                 ; On                 ;
; Perform WYSIWYG Primitive Resynthesis                            ; Off                ; Off                ;
; Auto ROM Replacement                                             ; On                 ; On                 ;
; Auto RAM Replacement                                             ; On                 ; On                 ;
; Auto DSP Block Replacement                                       ; On                 ; On                 ;
; Auto Shift Register Replacement                                  ; Auto               ; Auto               ;
; Allow Shift Register Merging across Hierarchies                  ; Auto               ; Auto               ;
; Auto Clock Enable Replacement                                    ; On                 ; On                 ;
; Strict RAM Replacement                                           ; Off                ; Off                ;
; Allow Synchronous Control Signals                                ; On                 ; On                 ;
; Force Use of Synchronous Clear Signals                           ; Off                ; Off                ;
; Auto RAM Block Balancing                                         ; On                 ; On                 ;
; Auto RAM to Logic Cell Conversion                                ; Off                ; Off                ;
; Auto Resource Sharing                                            ; Off                ; Off                ;
; Allow Any RAM Size For Recognition                               ; Off                ; Off                ;
; Allow Any ROM Size For Recognition                               ; Off                ; Off                ;
; Allow Any Shift Register Size For Recognition                    ; Off                ; Off                ;
; Use LogicLock Constraints during Resource Balancing              ; On                 ; On                 ;
; Ignore translate_off and synthesis_off directives                ; Off                ; Off                ;
; Timing-Driven Synthesis                                          ; On                 ; On                 ;
; Report Parameter Settings                                        ; On                 ; On                 ;
; Report Source Assignments                                        ; On                 ; On                 ;
; Report Connectivity Checks                                       ; On                 ; On                 ;
; Ignore Maximum Fan-Out Assignments                               ; Off                ; Off                ;
; Synchronization Register Chain Length                            ; 2                  ; 2                  ;
; Power Optimization During Synthesis                              ; Normal compilation ; Normal compilation ;
; HDL message level                                                ; Level2             ; Level2             ;
; Suppress Register Optimization Related Messages                  ; Off                ; Off                ;
; Number of Removed Registers Reported in Synthesis Report         ; 5000               ; 5000               ;
; Number of Swept Nodes Reported in Synthesis Report               ; 5000               ; 5000               ;
; Number of Inverted Registers Reported in Synthesis Report        ; 100                ; 100                ;
; Clock MUX Protection                                             ; On                 ; On                 ;
; Auto Gated Clock Conversion                                      ; Off                ; Off                ;
; Block Design Naming                                              ; Auto               ; Auto               ;
; SDC constraint protection                                        ; Off                ; Off                ;
; Synthesis Effort                                                 ; Auto               ; Auto               ;
; Shift Register Replacement - Allow Asynchronous Clear Signal     ; On                 ; On                 ;
; Pre-Mapping Resynthesis Optimization                             ; Off                ; Off                ;
; Analysis & Synthesis Message Level                               ; Medium             ; Medium             ;
; Disable Register Merging Across Hierarchies                      ; Auto               ; Auto               ;
; Resource Aware Inference For Block RAM                           ; On                 ; On                 ;
+------------------------------------------------------------------+--------------------+--------------------+


+------------------------------------------+
; Parallel Compilation                     ;
+----------------------------+-------------+
; Processors                 ; Number      ;
+----------------------------+-------------+
; Number detected on machine ; 8           ;
; Maximum allowed            ; 4           ;
;                            ;             ;
; Average used               ; 1.00        ;
; Maximum used               ; 1           ;
;                            ;             ;
; Usage by Processor         ; % Time Used ;
;     Processor 1            ; 100.0%      ;
+----------------------------+-------------+


+-------------------------------+
; Analysis & Synthesis Messages ;
+-------------------------------+
Info: *******************************************************************
Info: Running Quartus Prime Analysis & Synthesis
    Info: Version 20.1.1 Build 720 11/11/2020 SJ Lite Edition
    Info: Processing started: Thu Nov 03 11:20:42 2022
Info: Command: quartus_map --read_settings_files=on --write_settings_files=off Contador_I -c Contador_I
Warning (18236): Number of processors has not been specified which may cause overloading on shared machines.  Set the global assignment NUM_PARALLEL_PROCESSORS in your QSF to an appropriate value for best performance.
Info (20030): Parallel compilation is enabled and will use 4 of the 4 processors detected
Info (12021): Found 2 design units, including 1 entities, in source file anti_rebote.vhd
    Info (12022): Found design unit 1: anti_rebote-registro File: C:/intelFPGA_lite/20.1/projects/Contador_I/anti_rebote.vhd Line: 27
    Info (12023): Found entity 1: anti_rebote File: C:/intelFPGA_lite/20.1/projects/Contador_I/anti_rebote.vhd Line: 11
Info (12021): Found 2 design units, including 1 entities, in source file contador.vhd
    Info (12022): Found design unit 1: Contador-contar File: C:/intelFPGA_lite/20.1/projects/Contador_I/Contador.vhd Line: 15
    Info (12023): Found entity 1: Contador File: C:/intelFPGA_lite/20.1/projects/Contador_I/Contador.vhd Line: 7
Info (12021): Found 2 design units, including 1 entities, in source file deco.vhd
    Info (12022): Found design unit 1: Deco-decodificar File: C:/intelFPGA_lite/20.1/projects/Contador_I/Deco.vhd Line: 16
    Info (12023): Found entity 1: Deco File: C:/intelFPGA_lite/20.1/projects/Contador_I/Deco.vhd Line: 7
Info (12021): Found 2 design units, including 1 entities, in source file div_frec.vhd
    Info (12022): Found design unit 1: div_frec-divisor File: C:/intelFPGA_lite/20.1/projects/Contador_I/div_frec.vhd Line: 20
    Info (12023): Found entity 1: div_frec File: C:/intelFPGA_lite/20.1/projects/Contador_I/div_frec.vhd Line: 7
Info (12021): Found 2 design units, including 1 entities, in source file multiplexor.vhd
    Info (12022): Found design unit 1: Multiplexor-seleccion File: C:/intelFPGA_lite/20.1/projects/Contador_I/Multiplexor.vhd Line: 17
    Info (12023): Found entity 1: Multiplexor File: C:/intelFPGA_lite/20.1/projects/Contador_I/Multiplexor.vhd Line: 7
Info (12021): Found 2 design units, including 1 entities, in source file selector.vhd
    Info (12022): Found design unit 1: Selector-seleccion File: C:/intelFPGA_lite/20.1/projects/Contador_I/Selector.vhd Line: 16
    Info (12023): Found entity 1: Selector File: C:/intelFPGA_lite/20.1/projects/Contador_I/Selector.vhd Line: 7
Info (12021): Found 2 design units, including 1 entities, in source file xs3_alg.vhd
    Info (12022): Found design unit 1: XS3_alg-algoritmo File: C:/intelFPGA_lite/20.1/projects/Contador_I/XS3_alg.vhd Line: 17
    Info (12023): Found entity 1: XS3_alg File: C:/intelFPGA_lite/20.1/projects/Contador_I/XS3_alg.vhd Line: 8
Info (12021): Found 2 design units, including 1 entities, in source file contador_i.vhd
    Info (12022): Found design unit 1: Contador_I-func File: C:/intelFPGA_lite/20.1/projects/Contador_I/Contador_I.vhd Line: 18
    Info (12023): Found entity 1: Contador_I File: C:/intelFPGA_lite/20.1/projects/Contador_I/Contador_I.vhd Line: 7
Info (12021): Found 2 design units, including 1 entities, in source file jk.vhd
    Info (12022): Found design unit 1: JK-ciclo File: C:/intelFPGA_lite/20.1/projects/Contador_I/JK.vhd Line: 15
    Info (12023): Found entity 1: JK File: C:/intelFPGA_lite/20.1/projects/Contador_I/JK.vhd Line: 7
Info (12021): Found 2 design units, including 1 entities, in source file contador_6.vhd
    Info (12022): Found design unit 1: Contador_6-cont File: C:/intelFPGA_lite/20.1/projects/Contador_I/Contador_6.vhd Line: 16
    Info (12023): Found entity 1: Contador_6 File: C:/intelFPGA_lite/20.1/projects/Contador_I/Contador_6.vhd Line: 7
Info (12127): Elaborating entity "Contador_I" for the top level hierarchy
Warning (10540): VHDL Signal Declaration warning at Contador_I.vhd(21): used explicit default value for signal "ciclos_Cont" because signal was never assigned a value File: C:/intelFPGA_lite/20.1/projects/Contador_I/Contador_I.vhd Line: 21
Warning (10540): VHDL Signal Declaration warning at Contador_I.vhd(22): used explicit default value for signal "ciclos_Sel" because signal was never assigned a value File: C:/intelFPGA_lite/20.1/projects/Contador_I/Contador_I.vhd Line: 22
Warning (10540): VHDL Signal Declaration warning at Contador_I.vhd(23): used explicit default value for signal "ciclos_muestreo" because signal was never assigned a value File: C:/intelFPGA_lite/20.1/projects/Contador_I/Contador_I.vhd Line: 23
Info (12128): Elaborating entity "div_frec" for hierarchy "div_frec:frec_Cont" File: C:/intelFPGA_lite/20.1/projects/Contador_I/Contador_I.vhd Line: 113
Info (12128): Elaborating entity "anti_rebote" for hierarchy "anti_rebote:ent_start" File: C:/intelFPGA_lite/20.1/projects/Contador_I/Contador_I.vhd Line: 119
Warning (10492): VHDL Process Statement warning at anti_rebote.vhd(56): signal "reg" is read inside the Process Statement but isn't in the Process Statement's sensitivity list File: C:/intelFPGA_lite/20.1/projects/Contador_I/anti_rebote.vhd Line: 56
Info (12128): Elaborating entity "Contador" for hierarchy "Contador:ent_cont_un" File: C:/intelFPGA_lite/20.1/projects/Contador_I/Contador_I.vhd Line: 125
Warning (10540): VHDL Signal Declaration warning at Contador.vhd(17): used explicit default value for signal "J0" because signal was never assigned a value File: C:/intelFPGA_lite/20.1/projects/Contador_I/Contador.vhd Line: 17
Warning (10492): VHDL Process Statement warning at Contador.vhd(36): signal "Q1" is read inside the Process Statement but isn't in the Process Statement's sensitivity list File: C:/intelFPGA_lite/20.1/projects/Contador_I/Contador.vhd Line: 36
Warning (10492): VHDL Process Statement warning at Contador.vhd(37): signal "Q2" is read inside the Process Statement but isn't in the Process Statement's sensitivity list File: C:/intelFPGA_lite/20.1/projects/Contador_I/Contador.vhd Line: 37
Warning (10492): VHDL Process Statement warning at Contador.vhd(38): signal "Q3" is read inside the Process Statement but isn't in the Process Statement's sensitivity list File: C:/intelFPGA_lite/20.1/projects/Contador_I/Contador.vhd Line: 38
Error (10818): Can't infer register for "temp_Q3" at Contador.vhd(39) because it does not hold its value outside the clock edge File: C:/intelFPGA_lite/20.1/projects/Contador_I/Contador.vhd Line: 39
Error (10818): Can't infer register for "temp_Q2" at Contador.vhd(39) because it does not hold its value outside the clock edge File: C:/intelFPGA_lite/20.1/projects/Contador_I/Contador.vhd Line: 39
Error (10818): Can't infer register for "temp_Q1" at Contador.vhd(39) because it does not hold its value outside the clock edge File: C:/intelFPGA_lite/20.1/projects/Contador_I/Contador.vhd Line: 39
Error (10822): HDL error at Contador.vhd(39): couldn't implement registers for assignments on this clock edge File: C:/intelFPGA_lite/20.1/projects/Contador_I/Contador.vhd Line: 39
Error (10028): Can't resolve multiple constant drivers for net "Q0" at Contador.vhd(61) File: C:/intelFPGA_lite/20.1/projects/Contador_I/Contador.vhd Line: 61
Error (10029): Constant driver at Contador.vhd(33) File: C:/intelFPGA_lite/20.1/projects/Contador_I/Contador.vhd Line: 33
Error (10028): Can't resolve multiple constant drivers for net "Q1" at Contador.vhd(63) File: C:/intelFPGA_lite/20.1/projects/Contador_I/Contador.vhd Line: 63
Error (10028): Can't resolve multiple constant drivers for net "Q2" at Contador.vhd(65) File: C:/intelFPGA_lite/20.1/projects/Contador_I/Contador.vhd Line: 65
Error (10028): Can't resolve multiple constant drivers for net "Q3" at Contador.vhd(67) File: C:/intelFPGA_lite/20.1/projects/Contador_I/Contador.vhd Line: 67
Error (12152): Can't elaborate user hierarchy "Contador:ent_cont_un" File: C:/intelFPGA_lite/20.1/projects/Contador_I/Contador_I.vhd Line: 125
Error: Quartus Prime Analysis & Synthesis was unsuccessful. 10 errors, 9 warnings
    Error: Peak virtual memory: 4773 megabytes
    Error: Processing ended: Thu Nov 03 11:20:52 2022
    Error: Elapsed time: 00:00:10
    Error: Total CPU time (on all processors): 00:00:24


